<?xml version="1.0" encoding="UTF-8"?>
<!-- Generated by org.testng.reporters.JUnitReportReporter -->
<testsuite hostname="LAPTOP-1FQ303V4" failures="0" tests="1" name="Test.Tests" time="12.628" errors="0" timestamp="2023-04-22T23:27:56 ART" skipped="0">
  <testcase classname="Test.Tests" name="starting" time="12.628"/>
  <system-out/>
</testsuite> <!-- Test.Tests -->
